<?xml version="1.0" encoding="UTF-8"?>
<!-- Generated by org.testng.reporters.JUnitReportReporter -->
<testsuite hostname="Brucelee" failures="0" tests="2" name="jun23.Advance_Reports" time="19.434" errors="0" timestamp="2023-06-27T16:25:39 IST" skipped="0">
  <testcase classname="jun23.Advance_Reports" name="testfail" time="13.052"/>
  <system-out/>
  <testcase classname="jun23.Advance_Reports" name="testPass" time="6.382"/>
  <system-out/>
</testsuite> <!-- jun23.Advance_Reports -->
