<?xml version="1.0" encoding="UTF-8"?>
<!-- Generated by org.testng.reporters.JUnitReportReporter -->
<testsuite hostname="Brucelee" failures="0" tests="1" name="jun23.Property_File" time="46.566" errors="0" timestamp="2023-06-27T15:13:33 IST" skipped="0">
  <testcase classname="jun23.Property_File" name="startsTest" time="46.566"/>
  <system-out>
    <![CDATA[Login Failure:::Dashboard « Stock AccountingUsers « Stock Accounting]]>
  </system-out>
</testsuite> <!-- jun23.Property_File -->
